<?xml version="1.0" encoding="UTF-8"?>
<testsuite name="vkedu.autotest.task_2.tests.LogOutTest" tests="1" skipped="0" failures="0" errors="0" timestamp="2024-04-29T21:19:43" hostname="MacBook-Air-Artur.local" time="9.831">
  <properties/>
  <testcase name="Проверка корретности выхода из аккаунта" classname="vkedu.autotest.task_2.tests.LogOutTest" time="9.831"/>
  <system-out><![CDATA[]]></system-out>
  <system-err><![CDATA[апр. 30, 2024 12:19:43 AM org.openqa.selenium.manager.SeleniumManager lambda$runCommand$1
WARNING: The chromedriver version (123.0.6312.86) detected in PATH at /opt/homebrew/bin/chromedriver might not be compatible with the detected chrome version (124.0.6367.92); currently, chromedriver 124.0.6367.91 is recommended for chrome 124.*, so it is advised to delete the driver in PATH and retry
апр. 30, 2024 12:19:44 AM org.openqa.selenium.devtools.CdpVersionFinder findNearestMatch
WARNING: Unable to find an exact match for CDP version 124, returning the closest version; found: 122; Please update to a Selenium version that supports CDP version 124
]]></system-err>
</testsuite>
